<?xml version="1.0" encoding="UTF-8"?>
<!-- Generated by org.testng.reporters.JUnitReportReporter -->
<testsuite hostname="Swarnajit-PC" failures="0" tests="1" name="com.tech.practice.TestMethods_GoogleSearch" time="4.481" errors="0" timestamp="2023-12-23T17:18:56 IST" skipped="0">
  <testcase classname="com.tech.practice.TestMethods_GoogleSearch" name="searchOperation" time="4.481"/>
  <system-out/>
</testsuite> <!-- com.tech.practice.TestMethods_GoogleSearch -->
