<?xml version="1.0" encoding="UTF-8"?>
<!-- Generated by org.testng.reporters.JUnitReportReporter -->
<testsuite hostname="Swarnajit-PC" failures="0" tests="4" name="com.tech.practice.TestMethods_GoogleSearch" time="15.473" errors="0" timestamp="2023-12-24T02:07:48 IST" skipped="0">
  <testcase classname="com.tech.practice.TestMethods_GoogleSearch" name="githubLogin" time="3.527"/>
  <system-out/>
  <testcase classname="com.tech.practice.TestMethods_GoogleSearch" name="searchOperation" time="4.339"/>
  <system-out/>
  <testcase classname="com.tech.practice.TestMethods_GoogleSearch" name="githubLogin" time="3.043"/>
  <system-out/>
  <testcase classname="com.tech.practice.TestMethods_GoogleSearch" name="searchOperation" time="4.564"/>
  <system-out/>
</testsuite> <!-- com.tech.practice.TestMethods_GoogleSearch -->
